<?xml version="1.0" encoding="UTF-8"?>
<testng-results skipped="0" failed="1" total="2" passed="1">
  <reporter-output>
  </reporter-output>
  <suite name="regression" duration-ms="55534" started-at="2020-09-06T05:23:48Z" finished-at="2020-09-06T05:24:43Z">
    <groups>
    </groups>
    <test name="Zoopla on chrome" duration-ms="23603" started-at="2020-09-06T05:23:48Z" finished-at="2020-09-06T05:24:12Z">
      <class name="test.java.testbase.Tests">
        <test-method status="PASS" signature="setup(java.lang.String)[pri:0, instance:test.java.testbase.Tests@6767c1fc]" name="setup" is-config="true" duration-ms="5552" started-at="2020-09-05T22:23:48Z" finished-at="2020-09-05T22:23:54Z">
          <params>
            <param index="0">
              <value>
                <![CDATA[chrome]]>
              </value>
            </param>
          </params>
          <reporter-output>
          </reporter-output>
        </test-method> <!-- setup -->
        <test-method status="FAIL" signature="inputLocationAndClickSubmit()[pri:0, instance:test.java.testbase.Tests@6767c1fc]" name="inputLocationAndClickSubmit" duration-ms="17791" started-at="2020-09-05T22:23:54Z" finished-at="2020-09-05T22:24:11Z">
          <exception class="org.openqa.selenium.NoSuchElementException">
            <message>
              <![CDATA[no such element: Unable to locate element: {"method":"xpath","selector":"//h4[@class='ui-agent__name'][1]"}
  (Session info: chrome=85.0.4183.83)
For documentation on this error, please visit: https://www.seleniumhq.org/exceptions/no_such_element.html
Build info: version: '3.141.59', revision: 'e82be7d358', time: '2018-11-14T08:17:03'
System info: host: 'LAPTOP-SQ84VLKK', ip: '10.226.15.210', os.name: 'Windows 10', os.arch: 'amd64', os.version: '10.0', java.version: '1.8.0_231'
Driver info: org.openqa.selenium.chrome.ChromeDriver
Capabilities {acceptInsecureCerts: false, browserName: chrome, browserVersion: 85.0.4183.83, chrome: {chromedriverVersion: 85.0.4183.87 (cd6713ebf92fa..., userDataDir: C:\Users\deepi\AppData\Loca...}, goog:chromeOptions: {debuggerAddress: localhost:62816}, javascriptEnabled: true, networkConnectionEnabled: false, pageLoadStrategy: normal, platform: WINDOWS, platformName: WINDOWS, proxy: Proxy(), setWindowRect: true, strictFileInteractability: false, timeouts: {implicit: 0, pageLoad: 300000, script: 30000}, unhandledPromptBehavior: dismiss and notify, webauthn:virtualAuthenticators: true}
Session ID: 3f288e31a47836c93c92e6fa78bde5a6
*** Element info: {Using=xpath, value=//h4[@class='ui-agent__name'][1]}]]>
            </message>
            <full-stacktrace>
              <![CDATA[org.openqa.selenium.NoSuchElementException: no such element: Unable to locate element: {"method":"xpath","selector":"//h4[@class='ui-agent__name'][1]"}
  (Session info: chrome=85.0.4183.83)
For documentation on this error, please visit: https://www.seleniumhq.org/exceptions/no_such_element.html
Build info: version: '3.141.59', revision: 'e82be7d358', time: '2018-11-14T08:17:03'
System info: host: 'LAPTOP-SQ84VLKK', ip: '10.226.15.210', os.name: 'Windows 10', os.arch: 'amd64', os.version: '10.0', java.version: '1.8.0_231'
Driver info: org.openqa.selenium.chrome.ChromeDriver
Capabilities {acceptInsecureCerts: false, browserName: chrome, browserVersion: 85.0.4183.83, chrome: {chromedriverVersion: 85.0.4183.87 (cd6713ebf92fa..., userDataDir: C:\Users\deepi\AppData\Loca...}, goog:chromeOptions: {debuggerAddress: localhost:62816}, javascriptEnabled: true, networkConnectionEnabled: false, pageLoadStrategy: normal, platform: WINDOWS, platformName: WINDOWS, proxy: Proxy(), setWindowRect: true, strictFileInteractability: false, timeouts: {implicit: 0, pageLoad: 300000, script: 30000}, unhandledPromptBehavior: dismiss and notify, webauthn:virtualAuthenticators: true}
Session ID: 3f288e31a47836c93c92e6fa78bde5a6
*** Element info: {Using=xpath, value=//h4[@class='ui-agent__name'][1]}
	at sun.reflect.NativeConstructorAccessorImpl.newInstance0(Native Method)
	at sun.reflect.NativeConstructorAccessorImpl.newInstance(NativeConstructorAccessorImpl.java:62)
	at sun.reflect.DelegatingConstructorAccessorImpl.newInstance(DelegatingConstructorAccessorImpl.java:45)
	at java.lang.reflect.Constructor.newInstance(Constructor.java:423)
	at org.openqa.selenium.remote.http.W3CHttpResponseCodec.createException(W3CHttpResponseCodec.java:187)
	at org.openqa.selenium.remote.http.W3CHttpResponseCodec.decode(W3CHttpResponseCodec.java:122)
	at org.openqa.selenium.remote.http.W3CHttpResponseCodec.decode(W3CHttpResponseCodec.java:49)
	at org.openqa.selenium.remote.HttpCommandExecutor.execute(HttpCommandExecutor.java:158)
	at org.openqa.selenium.remote.service.DriverCommandExecutor.execute(DriverCommandExecutor.java:83)
	at org.openqa.selenium.remote.RemoteWebDriver.execute(RemoteWebDriver.java:552)
	at org.openqa.selenium.remote.RemoteWebDriver.findElement(RemoteWebDriver.java:323)
	at org.openqa.selenium.remote.RemoteWebDriver.findElementByXPath(RemoteWebDriver.java:428)
	at org.openqa.selenium.By$ByXPath.findElement(By.java:353)
	at org.openqa.selenium.remote.RemoteWebDriver.findElement(RemoteWebDriver.java:315)
	at org.openqa.selenium.support.pagefactory.DefaultElementLocator.findElement(DefaultElementLocator.java:69)
	at org.openqa.selenium.support.pagefactory.internal.LocatingElementHandler.invoke(LocatingElementHandler.java:38)
	at com.sun.proxy.$Proxy11.getText(Unknown Source)
	at main.java.pages.PropertyDetailsPage.getAgentName(PropertyDetailsPage.java:19)
	at test.java.testbase.Tests.inputLocationAndClickSubmit(Tests.java:113)
	at sun.reflect.NativeMethodAccessorImpl.invoke0(Native Method)
	at sun.reflect.NativeMethodAccessorImpl.invoke(NativeMethodAccessorImpl.java:62)
	at sun.reflect.DelegatingMethodAccessorImpl.invoke(DelegatingMethodAccessorImpl.java:43)
	at java.lang.reflect.Method.invoke(Method.java:498)
	at org.testng.internal.MethodInvocationHelper.invokeMethod(MethodInvocationHelper.java:84)
	at org.testng.internal.Invoker.invokeMethod(Invoker.java:714)
	at org.testng.internal.Invoker.invokeTestMethod(Invoker.java:901)
	at org.testng.internal.Invoker.invokeTestMethods(Invoker.java:1231)
	at org.testng.internal.TestMethodWorker.invokeTestMethods(TestMethodWorker.java:127)
	at org.testng.internal.TestMethodWorker.run(TestMethodWorker.java:111)
	at org.testng.TestRunner.privateRun(TestRunner.java:767)
	at org.testng.TestRunner.run(TestRunner.java:617)
	at org.testng.SuiteRunner.runTest(SuiteRunner.java:334)
	at org.testng.SuiteRunner.access$000(SuiteRunner.java:37)
	at org.testng.SuiteRunner$SuiteWorker.run(SuiteRunner.java:368)
	at org.testng.internal.thread.ThreadUtil$2.call(ThreadUtil.java:64)
	at java.util.concurrent.FutureTask.run(FutureTask.java:266)
	at java.util.concurrent.ThreadPoolExecutor.runWorker(ThreadPoolExecutor.java:1149)
	at java.util.concurrent.ThreadPoolExecutor$Worker.run(ThreadPoolExecutor.java:624)
	at java.lang.Thread.run(Thread.java:748)
]]>
            </full-stacktrace>
          </exception> <!-- org.openqa.selenium.NoSuchElementException -->
          <reporter-output>
          </reporter-output>
        </test-method> <!-- inputLocationAndClickSubmit -->
        <test-method status="PASS" signature="TearDown()[pri:0, instance:test.java.testbase.Tests@6767c1fc]" name="TearDown" is-config="true" duration-ms="221" started-at="2020-09-05T22:24:11Z" finished-at="2020-09-05T22:24:12Z">
          <reporter-output>
          </reporter-output>
        </test-method> <!-- TearDown -->
      </class> <!-- test.java.testbase.Tests -->
    </test> <!-- Zoopla on chrome -->
    <test name="Zoopla on firefox" duration-ms="55534" started-at="2020-09-06T05:23:48Z" finished-at="2020-09-06T05:24:43Z">
      <class name="test.java.testbase.Tests">
        <test-method status="PASS" signature="setup(java.lang.String)[pri:0, instance:test.java.testbase.Tests@91161c7]" name="setup" is-config="true" duration-ms="8974" started-at="2020-09-05T22:23:48Z" finished-at="2020-09-05T22:23:57Z">
          <params>
            <param index="0">
              <value>
                <![CDATA[firefox]]>
              </value>
            </param>
          </params>
          <reporter-output>
          </reporter-output>
        </test-method> <!-- setup -->
        <test-method status="PASS" signature="inputLocationAndClickSubmit()[pri:0, instance:test.java.testbase.Tests@91161c7]" name="inputLocationAndClickSubmit" duration-ms="44161" started-at="2020-09-05T22:23:57Z" finished-at="2020-09-05T22:24:41Z">
          <reporter-output>
          </reporter-output>
        </test-method> <!-- inputLocationAndClickSubmit -->
        <test-method status="PASS" signature="TearDown()[pri:0, instance:test.java.testbase.Tests@91161c7]" name="TearDown" is-config="true" duration-ms="2364" started-at="2020-09-05T22:24:41Z" finished-at="2020-09-05T22:24:43Z">
          <reporter-output>
          </reporter-output>
        </test-method> <!-- TearDown -->
      </class> <!-- test.java.testbase.Tests -->
    </test> <!-- Zoopla on firefox -->
  </suite> <!-- regression -->
</testng-results>
